<?xml version="1.0" encoding="UTF-8"?>
<!-- Generated by org.testng.reporters.JUnitXMLReporter -->
<testsuite ignored="0" hostname="DESKTOP-82DD7E2" failures="1" tests="3" name="Test" time="0.172" errors="0" timestamp="2023-06-30T10:25:08 IST">
  <testcase classname="listeners.runnerscripe" name="test1" time="0.036"/>
  <testcase classname="listeners.runnerscripe" name="test2" time="0.009">
    <failure type="java.lang.AssertionError" message="null">
      <![CDATA[java.lang.AssertionError: null
at listeners.runnerscripe.test2(runnerscripe.java:18)
at java.base/java.util.ArrayList.forEach(ArrayList.java:1511)
... Removed 29 stack frames]]>
    </failure>
  </testcase> <!-- test2 -->
  <testcase classname="listeners.runnerscripe" name="test3" time="0.001">
    <skipped/>
  </testcase> <!-- test3 -->
</testsuite> <!-- Test -->
